Added Component: Designator=ADDR(RESC2013X60X30ML20T20)
Add component (AddParameter): Name = "Manufacturer"; Value = "KOA Speer"; VariantName = "[No Variations]"
Add component (AddParameter): Name = "Part Number"; Value = "RK73B2ATTD103J"; VariantName = "[No Variations]"
Added Component: Designator=C1(KEMT-A-3216-18-2_M)
Add component (AddParameter): Name = "Capacitance"; Value = "10uF"; VariantName = "[No Variations]"
Add component (AddParameter): Name = "Case Code"; Value = "A"; VariantName = "[No Variations]"
Add component (AddParameter): Name = "Case Style"; Value = "Molded"; VariantName = "[No Variations]"
Add component (AddParameter): Name = "Construction"; Value = "SMTChip"; VariantName = "[No Variations]"
Add component (AddParameter): Name = "Datasheet URL"; Value = "http://www.farnell.com/datasheets/1824869.pdf"; VariantName = "[No Variations]"
Add component (AddParameter): Name = "Datasheet Version"; Value = "Apr-14"; VariantName = "[No Variations]"
Add component (AddParameter): Name = "DCL"; Value = "1.6uA"; VariantName = "[No Variations]"
Add component (AddParameter): Name = "DF"; Value = "8%"; VariantName = "[No Variations]"
Add component (AddParameter): Name = "ESR"; Value = "7ohm"; VariantName = "[No Variations]"
Add component (AddParameter): Name = "Failure Rate"; Value = "NotRequired"; VariantName = "[No Variations]"
Add component (AddParameter): Name = "Insulation"; Value = "NotRequired"; VariantName = "[No Variations]"
Add component (AddParameter): Name = "Lead Spacing (nom)"; Value = "NotRequiredmm"; VariantName = "[No Variations]"
Add component (AddParameter): Name = "Length W/Weld"; Value = "NotRequiredmm"; VariantName = "[No Variations]"
Add component (AddParameter): Name = "Manufacturer"; Value = "Kemet"; VariantName = "[No Variations]"
Add component (AddParameter): Name = "Manufacturer URL"; Value = "http://www.kemet.com/"; VariantName = "[No Variations]"
Add component (AddParameter): Name = "Mounting Style"; Value = "SurfaceMount"; VariantName = "[No Variations]"
Add component (AddParameter): Name = "Operating Temp Range"; Value = "-55Cto125C"; VariantName = "[No Variations]"
Add component (AddParameter): Name = "Package / Case"; Value = "3216-18"; VariantName = "[No Variations]"
Add component (AddParameter): Name = "Package Description"; Value = "2-Pin Surface Mount Device, Body 3.2 x 1.6 mm"; VariantName = "[No Variations]"
Add component (AddParameter): Name = "Package Reference"; Value = "1206"; VariantName = "[No Variations]"
Add component (AddParameter): Name = "Packaging"; Value = "TapeandReel"; VariantName = "[No Variations]"
Add component (AddParameter): Name = "Polarity"; Value = "Polar"; VariantName = "[No Variations]"
Add component (AddParameter): Name = "Product Depth (mm)"; Value = "1.6mm"; VariantName = "[No Variations]"
Add component (AddParameter): Name = "Product Diameter (mm)"; Value = "NotRequiredmm"; VariantName = "[No Variations]"
Add component (AddParameter): Name = "Product Height (mm)"; Value = "1.6mm"; VariantName = "[No Variations]"
Add component (AddParameter): Name = "Product Length (mm)"; Value = "3.2mm"; VariantName = "[No Variations]"
Add component (AddParameter): Name = "Seal"; Value = "NotRequired"; VariantName = "[No Variations]"
Add component (AddParameter): Name = "Seated Plane Height"; Value = "NotRequiredmm"; VariantName = "[No Variations]"
Add component (AddParameter): Name = "Tolerance (+ or -)"; Value = "10%"; VariantName = "[No Variations]"
Add component (AddParameter): Name = "Voltage"; Value = "16VDC"; VariantName = "[No Variations]"
Add component (AddParameter): Name = "Wire Form"; Value = "NotRequired"; VariantName = "[No Variations]"
Added Component: Designator=C2(KEMT-A-3216-18-2_M)
Add component (AddParameter): Name = "Capacitance"; Value = "10uF"; VariantName = "[No Variations]"
Add component (AddParameter): Name = "Case Code"; Value = "A"; VariantName = "[No Variations]"
Add component (AddParameter): Name = "Case Style"; Value = "Molded"; VariantName = "[No Variations]"
Add component (AddParameter): Name = "Construction"; Value = "SMTChip"; VariantName = "[No Variations]"
Add component (AddParameter): Name = "Datasheet URL"; Value = "http://www.farnell.com/datasheets/1824869.pdf"; VariantName = "[No Variations]"
Add component (AddParameter): Name = "Datasheet Version"; Value = "Apr-14"; VariantName = "[No Variations]"
Add component (AddParameter): Name = "DCL"; Value = "1.6uA"; VariantName = "[No Variations]"
Add component (AddParameter): Name = "DF"; Value = "8%"; VariantName = "[No Variations]"
Add component (AddParameter): Name = "ESR"; Value = "7ohm"; VariantName = "[No Variations]"
Add component (AddParameter): Name = "Failure Rate"; Value = "NotRequired"; VariantName = "[No Variations]"
Add component (AddParameter): Name = "Insulation"; Value = "NotRequired"; VariantName = "[No Variations]"
Add component (AddParameter): Name = "Lead Spacing (nom)"; Value = "NotRequiredmm"; VariantName = "[No Variations]"
Add component (AddParameter): Name = "Length W/Weld"; Value = "NotRequiredmm"; VariantName = "[No Variations]"
Add component (AddParameter): Name = "Manufacturer"; Value = "Kemet"; VariantName = "[No Variations]"
Add component (AddParameter): Name = "Manufacturer URL"; Value = "http://www.kemet.com/"; VariantName = "[No Variations]"
Add component (AddParameter): Name = "Mounting Style"; Value = "SurfaceMount"; VariantName = "[No Variations]"
Add component (AddParameter): Name = "Operating Temp Range"; Value = "-55Cto125C"; VariantName = "[No Variations]"
Add component (AddParameter): Name = "Package / Case"; Value = "3216-18"; VariantName = "[No Variations]"
Add component (AddParameter): Name = "Package Description"; Value = "2-Pin Surface Mount Device, Body 3.2 x 1.6 mm"; VariantName = "[No Variations]"
Add component (AddParameter): Name = "Package Reference"; Value = "1206"; VariantName = "[No Variations]"
Add component (AddParameter): Name = "Packaging"; Value = "TapeandReel"; VariantName = "[No Variations]"
Add component (AddParameter): Name = "Polarity"; Value = "Polar"; VariantName = "[No Variations]"
Add component (AddParameter): Name = "Product Depth (mm)"; Value = "1.6mm"; VariantName = "[No Variations]"
Add component (AddParameter): Name = "Product Diameter (mm)"; Value = "NotRequiredmm"; VariantName = "[No Variations]"
Add component (AddParameter): Name = "Product Height (mm)"; Value = "1.6mm"; VariantName = "[No Variations]"
Add component (AddParameter): Name = "Product Length (mm)"; Value = "3.2mm"; VariantName = "[No Variations]"
Add component (AddParameter): Name = "Seal"; Value = "NotRequired"; VariantName = "[No Variations]"
Add component (AddParameter): Name = "Seated Plane Height"; Value = "NotRequiredmm"; VariantName = "[No Variations]"
Add component (AddParameter): Name = "Tolerance (+ or -)"; Value = "10%"; VariantName = "[No Variations]"
Add component (AddParameter): Name = "Voltage"; Value = "16VDC"; VariantName = "[No Variations]"
Add component (AddParameter): Name = "Wire Form"; Value = "NotRequired"; VariantName = "[No Variations]"
Added Component: Designator=C3(CAPC2013X94X50ML20T25)
Add component (AddParameter): Name = "Manufacturer"; Value = "AVX Interconnect / Elco"; VariantName = "[No Variations]"
Add component (AddParameter): Name = "Part Number"; Value = "08051C104KAT2A"; VariantName = "[No Variations]"
Added Component: Designator=D1(FP-SOD123-IPC_A)
Add component (AddParameter): Name = "Automotive"; Value = "No"; VariantName = "[No Variations]"
Add component (AddParameter): Name = "Capacitance"; Value = "2pF"; VariantName = "[No Variations]"
Add component (AddParameter): Name = "Category"; Value = "Diode"; VariantName = "[No Variations]"
Add component (AddParameter): Name = "ComponentLink2Description"; Value = "Datasheet"; VariantName = "[No Variations]"
Add component (AddParameter): Name = "ComponentLink2URL"; Value = "https://upverter.com/datasheet/628e7d6fee5901eee6eef4567d1c3569f2cd3cde.pdf"; VariantName = "[No Variations]"
Add component (AddParameter): Name = "Device Class L1"; Value = "Discrete Semiconductors"; VariantName = "[No Variations]"
Add component (AddParameter): Name = "Device Class L2"; Value = "Diodes"; VariantName = "[No Variations]"
Add component (AddParameter): Name = "Device Class L3"; Value = "Rectifier Diodes"; VariantName = "[No Variations]"
Add component (AddParameter): Name = "Digikey Description"; Value = "DIODE GEN PURP 100V 150MA SOD123"; VariantName = "[No Variations]"
Add component (AddParameter): Name = "Footprint Url"; Value = "https://www.diodes.com/assets/Package-Files/SOD123.pdf"; VariantName = "[No Variations]"
Add component (AddParameter): Name = "Forward Current"; Value = "300mA"; VariantName = "[No Variations]"
Add component (AddParameter): Name = "Height"; Value = "1.45mm"; VariantName = "[No Variations]"
Add component (AddParameter): Name = "Lead Free"; Value = "Yes"; VariantName = "[No Variations]"
Add component (AddParameter): Name = "Manufacturer"; Value = "Diodes Inc."; VariantName = "[No Variations]"
Add component (AddParameter): Name = "Manufacturer Part Number"; Value = "1N4148W-13-F"; VariantName = "[No Variations]"
Add component (AddParameter): Name = "Max Junction Temp"; Value = "+150°C"; VariantName = "[No Variations]"
Add component (AddParameter): Name = "Max Repetitive Reverse Voltage"; Value = "100V"; VariantName = "[No Variations]"
Add component (AddParameter): Name = "Max Surge Forward Current"; Value = "1A"; VariantName = "[No Variations]"
Add component (AddParameter): Name = "Mouser Description"; Value = "1N4148W Series 2 A 100 V 400 mW Surface Mount Fast Switching Diode - SOD-123"; VariantName = "[No Variations]"
Add component (AddParameter): Name = "Octopart"; Value = "https://octopart.com/1n4148w-13-f-diodes+inc.-2359612"; VariantName = "[No Variations]"
Add component (AddParameter): Name = "Package"; Value = "SOD123"; VariantName = "[No Variations]"
Add component (AddParameter): Name = "Peak Reverse Current"; Value = "1uA"; VariantName = "[No Variations]"
Add component (AddParameter): Name = "Reverse Voltage"; Value = "100V"; VariantName = "[No Variations]"
Add component (AddParameter): Name = "RoHS"; Value = "TRUE"; VariantName = "[No Variations]"
Add component (AddParameter): Name = "Standoff Height"; Value = "0mm"; VariantName = "[No Variations]"
Add component (AddParameter): Name = "Temperature"; Value = "-65°C to +150°C"; VariantName = "[No Variations]"
Add component (AddParameter): Name = "Temperature Range High"; Value = "+150°C"; VariantName = "[No Variations]"
Add component (AddParameter): Name = "Temperature Range Low"; Value = "-65°C"; VariantName = "[No Variations]"
Add component (AddParameter): Name = "Value"; Value = "2pF"; VariantName = "[No Variations]"
Added Component: Designator=P1(PIN_HEADER_7)
Added Component: Designator=Q1(DIOD-SOT23-3_V)
Add component (AddParameter): Name = "Brand"; Value = "DiodesIncorporated"; VariantName = "[No Variations]"
Add component (AddParameter): Name = "Channel Mode"; Value = "Enhancement"; VariantName = "[No Variations]"
Add component (AddParameter): Name = "Configuration"; Value = "Single"; VariantName = "[No Variations]"
Add component (AddParameter): Name = "Datasheet URL"; Value = "https://datasheet.ciiva.com/8115/ds30144-8115344.pdf"; VariantName = "[No Variations]"
Add component (AddParameter): Name = "Datasheet Version"; Value = "Rev. 20-2, 11/2013"; VariantName = "[No Variations]"
Add component (AddParameter): Name = "Factory Pack Quantity"; Value = "3000"; VariantName = "[No Variations]"
Add component (AddParameter): Name = "Height"; Value = "1mm"; VariantName = "[No Variations]"
Add component (AddParameter): Name = "Id - Continuous Drain Current"; Value = "200mA"; VariantName = "[No Variations]"
Add component (AddParameter): Name = "Length"; Value = "2.9mm"; VariantName = "[No Variations]"
Add component (AddParameter): Name = "Manufacturer"; Value = "Diodes Inc"; VariantName = "[No Variations]"
Add component (AddParameter): Name = "Manufacturer URL"; Value = "http://www.diodes.com/"; VariantName = "[No Variations]"
Add component (AddParameter): Name = "Maximum Operating Temperature"; Value = "+150C"; VariantName = "[No Variations]"
Add component (AddParameter): Name = "Minimum Operating Temperature"; Value = "-55C"; VariantName = "[No Variations]"
Add component (AddParameter): Name = "Mounting Style"; Value = "SMD/SMT"; VariantName = "[No Variations]"
Add component (AddParameter): Name = "Number of Channels"; Value = "1Channel"; VariantName = "[No Variations]"
Add component (AddParameter): Name = "Package / Case"; Value = "SOT-23-3"; VariantName = "[No Variations]"
Add component (AddParameter): Name = "Package Description"; Value = "3-Pin Small Outline Transistor, Body 2.9 x 1.3 mm, Pitch 0.96 mm"; VariantName = "[No Variations]"
Add component (AddParameter): Name = "Package Reference"; Value = "SOT23-3"; VariantName = "[No Variations]"
Add component (AddParameter): Name = "Packaging"; Value = "Reel"; VariantName = "[No Variations]"
Add component (AddParameter): Name = "Pd - Power Dissipation"; Value = "300mW"; VariantName = "[No Variations]"
Add component (AddParameter): Name = "Product"; Value = "MOSFETSmallSignal"; VariantName = "[No Variations]"
Add component (AddParameter): Name = "Product Category"; Value = "MOSFET"; VariantName = "[No Variations]"
Add component (AddParameter): Name = "Rds On - Drain-Source Resistance"; Value = "3.5Ohms"; VariantName = "[No Variations]"
Add component (AddParameter): Name = "RoHS"; Value = "True"; VariantName = "[No Variations]"
Add component (AddParameter): Name = "Series"; Value = "BSS138"; VariantName = "[No Variations]"
Add component (AddParameter): Name = "Technology"; Value = "Si"; VariantName = "[No Variations]"
Add component (AddParameter): Name = "Transistor Polarity"; Value = "N-Channel"; VariantName = "[No Variations]"
Add component (AddParameter): Name = "Transistor Type"; Value = "1N-Channel"; VariantName = "[No Variations]"
Add component (AddParameter): Name = "Typical Turn-Off Delay Time"; Value = "20ns"; VariantName = "[No Variations]"
Add component (AddParameter): Name = "Typical Turn-On Delay Time"; Value = "20ns"; VariantName = "[No Variations]"
Add component (AddParameter): Name = "Unit Weight"; Value = "0.000282oz"; VariantName = "[No Variations]"
Add component (AddParameter): Name = "Vds - Drain-Source Breakdown Voltage"; Value = "50V"; VariantName = "[No Variations]"
Add component (AddParameter): Name = "Vgs - Gate-Source Voltage"; Value = "20V"; VariantName = "[No Variations]"
Add component (AddParameter): Name = "Width"; Value = "1.3mm"; VariantName = "[No Variations]"
Added Component: Designator=Q2(DIOD-SOT23-3_V)
Add component (AddParameter): Name = "Brand"; Value = "DiodesIncorporated"; VariantName = "[No Variations]"
Add component (AddParameter): Name = "Channel Mode"; Value = "Enhancement"; VariantName = "[No Variations]"
Add component (AddParameter): Name = "Configuration"; Value = "Single"; VariantName = "[No Variations]"
Add component (AddParameter): Name = "Datasheet URL"; Value = "https://datasheet.ciiva.com/8115/ds30144-8115344.pdf"; VariantName = "[No Variations]"
Add component (AddParameter): Name = "Datasheet Version"; Value = "Rev. 20-2, 11/2013"; VariantName = "[No Variations]"
Add component (AddParameter): Name = "Factory Pack Quantity"; Value = "3000"; VariantName = "[No Variations]"
Add component (AddParameter): Name = "Height"; Value = "1mm"; VariantName = "[No Variations]"
Add component (AddParameter): Name = "Id - Continuous Drain Current"; Value = "200mA"; VariantName = "[No Variations]"
Add component (AddParameter): Name = "Length"; Value = "2.9mm"; VariantName = "[No Variations]"
Add component (AddParameter): Name = "Manufacturer"; Value = "Diodes Inc"; VariantName = "[No Variations]"
Add component (AddParameter): Name = "Manufacturer URL"; Value = "http://www.diodes.com/"; VariantName = "[No Variations]"
Add component (AddParameter): Name = "Maximum Operating Temperature"; Value = "+150C"; VariantName = "[No Variations]"
Add component (AddParameter): Name = "Minimum Operating Temperature"; Value = "-55C"; VariantName = "[No Variations]"
Add component (AddParameter): Name = "Mounting Style"; Value = "SMD/SMT"; VariantName = "[No Variations]"
Add component (AddParameter): Name = "Number of Channels"; Value = "1Channel"; VariantName = "[No Variations]"
Add component (AddParameter): Name = "Package / Case"; Value = "SOT-23-3"; VariantName = "[No Variations]"
Add component (AddParameter): Name = "Package Description"; Value = "3-Pin Small Outline Transistor, Body 2.9 x 1.3 mm, Pitch 0.96 mm"; VariantName = "[No Variations]"
Add component (AddParameter): Name = "Package Reference"; Value = "SOT23-3"; VariantName = "[No Variations]"
Add component (AddParameter): Name = "Packaging"; Value = "Reel"; VariantName = "[No Variations]"
Add component (AddParameter): Name = "Pd - Power Dissipation"; Value = "300mW"; VariantName = "[No Variations]"
Add component (AddParameter): Name = "Product"; Value = "MOSFETSmallSignal"; VariantName = "[No Variations]"
Add component (AddParameter): Name = "Product Category"; Value = "MOSFET"; VariantName = "[No Variations]"
Add component (AddParameter): Name = "Rds On - Drain-Source Resistance"; Value = "3.5Ohms"; VariantName = "[No Variations]"
Add component (AddParameter): Name = "RoHS"; Value = "True"; VariantName = "[No Variations]"
Add component (AddParameter): Name = "Series"; Value = "BSS138"; VariantName = "[No Variations]"
Add component (AddParameter): Name = "Technology"; Value = "Si"; VariantName = "[No Variations]"
Add component (AddParameter): Name = "Transistor Polarity"; Value = "N-Channel"; VariantName = "[No Variations]"
Add component (AddParameter): Name = "Transistor Type"; Value = "1N-Channel"; VariantName = "[No Variations]"
Add component (AddParameter): Name = "Typical Turn-Off Delay Time"; Value = "20ns"; VariantName = "[No Variations]"
Add component (AddParameter): Name = "Typical Turn-On Delay Time"; Value = "20ns"; VariantName = "[No Variations]"
Add component (AddParameter): Name = "Unit Weight"; Value = "0.000282oz"; VariantName = "[No Variations]"
Add component (AddParameter): Name = "Vds - Drain-Source Breakdown Voltage"; Value = "50V"; VariantName = "[No Variations]"
Add component (AddParameter): Name = "Vgs - Gate-Source Voltage"; Value = "20V"; VariantName = "[No Variations]"
Add component (AddParameter): Name = "Width"; Value = "1.3mm"; VariantName = "[No Variations]"
Added Component: Designator=R1(RESC2013X60X30ML20T20)
Add component (AddParameter): Name = "Manufacturer"; Value = "KOA Speer"; VariantName = "[No Variations]"
Add component (AddParameter): Name = "Part Number"; Value = "RK73B2ATTD103J"; VariantName = "[No Variations]"
Added Component: Designator=R2(RESC2013X60X30ML20T20)
Add component (AddParameter): Name = "Manufacturer"; Value = "KOA Speer"; VariantName = "[No Variations]"
Add component (AddParameter): Name = "Part Number"; Value = "RK73B2ATTD103J"; VariantName = "[No Variations]"
Added Component: Designator=R3(RESC2013X60X30ML20T20)
Add component (AddParameter): Name = "Manufacturer"; Value = "KOA Speer"; VariantName = "[No Variations]"
Add component (AddParameter): Name = "Part Number"; Value = "RK73B2ATTD103J"; VariantName = "[No Variations]"
Added Component: Designator=R4(RESC2013X60X30ML20T20)
Add component (AddParameter): Name = "Manufacturer"; Value = "KOA Speer"; VariantName = "[No Variations]"
Add component (AddParameter): Name = "Part Number"; Value = "RK73B2ATTD103J"; VariantName = "[No Variations]"
Added Component: Designator=R5(RESC2013X60X30ML20T20)
Add component (AddParameter): Name = "Manufacturer"; Value = "KOA Speer"; VariantName = "[No Variations]"
Add component (AddParameter): Name = "Part Number"; Value = "RK73B2ATTD103J"; VariantName = "[No Variations]"
Added Component: Designator=R6(RESC2013X60X30ML20T20)
Add component (AddParameter): Name = "Manufacturer"; Value = "KOA Speer"; VariantName = "[No Variations]"
Add component (AddParameter): Name = "Part Number"; Value = "RK73B2ATTD103J"; VariantName = "[No Variations]"
Added Component: Designator=U1(DCY0004A_L)
Add component (AddParameter): Name = "Code_IPC"; Value = "SOT223-4"; VariantName = "[No Variations]"
Add component (AddParameter): Name = "Code_JEDEC"; Value = "TO-261-AA"; VariantName = "[No Variations]"
Add component (AddParameter): Name = "Code_JEITA"; Value = ""; VariantName = "[No Variations]"
Add component (AddParameter): Name = "ComponentLink1Description"; Value = "Datasheet URL"; VariantName = "[No Variations]"
Add component (AddParameter): Name = "ComponentLink1URL"; Value = "http://www.ti.com/general/docs/lit/getliterature.tsp?genericPartNumber=LM1117-N&fileType=pdf"; VariantName = "[No Variations]"
Add component (AddParameter): Name = "CompType"; Value = "LDO IC"; VariantName = "[No Variations]"
Add component (AddParameter): Name = "High-Reliability"; Value = "Y"; VariantName = "[No Variations]"
Add component (AddParameter): Name = "Manufacturer"; Value = "Texas Instruments"; VariantName = "[No Variations]"
Add component (AddParameter): Name = "PackageDescription"; Value = "Molded SOT-223, 6.50 x 3.56 x 1.6mm Body, 4 Lead, 2.3mm Pitch"; VariantName = "[No Variations]"
Add component (AddParameter): Name = "PackageReference"; Value = "DCY0004A"; VariantName = "[No Variations]"
Add component (AddParameter): Name = "PackageTopMarking"; Value = "XYTT*N05A"; VariantName = "[No Variations]"
Add component (AddParameter): Name = "PartNumber"; Value = "LM1117MPX-3.3/NOPB"; VariantName = "[No Variations]"
Add component (AddParameter): Name = "PinCount"; Value = "4"; VariantName = "[No Variations]"
Add component (AddParameter): Name = "PowerWise"; Value = "N"; VariantName = "[No Variations]"
Add component (AddParameter): Name = "RoHS"; Value = "Y"; VariantName = "[No Variations]"
Added Component: Designator=U(BME680)
Add component (AddParameter): Name = "Availability"; Value = "Unavailable"; VariantName = "[No Variations]"
Add component (AddParameter): Name = "MF"; Value = "Bosch Sensortec"; VariantName = "[No Variations]"
Add component (AddParameter): Name = "MP"; Value = "BME680"; VariantName = "[No Variations]"
Add component (AddParameter): Name = "Package"; Value = "LGA-8 Bosch Tools"; VariantName = "[No Variations]"
Add component (AddParameter): Name = "Price"; Value = "None"; VariantName = "[No Variations]"
Add component (AddParameter): Name = "SnapEDA_Link"; Value = "https://www.snapeda.com/parts/BME680/Bosch%20Sensortec/view-part/947201/?ref=snap"; VariantName = "[No Variations]"
Add component (AddParameter): Name = "Value"; Value = ""; VariantName = "[No Variations]"
Added Pin To Net: NetName=3V3 Pin=C2-1
Added Pin To Net: NetName=3V3 Pin=C3-2
Added Pin To Net: NetName=3V3 Pin=P1-6
Added Pin To Net: NetName=3V3 Pin=Q1-1
Added Pin To Net: NetName=3V3 Pin=Q2-1
Added Pin To Net: NetName=3V3 Pin=R1-1
Added Pin To Net: NetName=3V3 Pin=R2-1
Added Pin To Net: NetName=3V3 Pin=R3-1
Added Pin To Net: NetName=3V3 Pin=R4-1
Added Pin To Net: NetName=3V3 Pin=R5-1
Added Pin To Net: NetName=3V3 Pin=R6-1
Added Pin To Net: NetName=3V3 Pin=U-6
Added Pin To Net: NetName=3V3 Pin=U-8
Added Pin To Net: NetName=3V3 Pin=U1-2
Added Pin To Net: NetName=3V3 Pin=U1-4
Added Net: Name=3V3
Added Pin To Net: NetName=CS_3V Pin=D1-2
Added Pin To Net: NetName=CS_3V Pin=R1-2
Added Pin To Net: NetName=CS_3V Pin=U-2
Added Net: Name=CS_3V
Added Pin To Net: NetName=CS Pin=D1-1
Added Pin To Net: NetName=CS Pin=P1-1
Added Net: Name=CS
Added Pin To Net: NetName=GND Pin=ADDR-2
Added Pin To Net: NetName=GND Pin=C1-2
Added Pin To Net: NetName=GND Pin=C2-2
Added Pin To Net: NetName=GND Pin=C3-1
Added Pin To Net: NetName=GND Pin=P1-5
Added Pin To Net: NetName=GND Pin=U-1
Added Pin To Net: NetName=GND Pin=U-7
Added Pin To Net: NetName=GND Pin=U1-1
Added Net: Name=GND
Added Pin To Net: NetName=SCK/SCL Pin=P1-4
Added Pin To Net: NetName=SCK/SCL Pin=Q1-2
Added Pin To Net: NetName=SCK/SCL Pin=R3-2
Added Net: Name=SCK/SCL
Added Pin To Net: NetName=SCK_3V Pin=Q1-3
Added Pin To Net: NetName=SCK_3V Pin=R4-2
Added Pin To Net: NetName=SCK_3V Pin=U-4
Added Net: Name=SCK_3V
Added Pin To Net: NetName=SDI/SDA Pin=P1-2
Added Pin To Net: NetName=SDI/SDA Pin=Q2-2
Added Pin To Net: NetName=SDI/SDA Pin=R5-2
Added Net: Name=SDI/SDA
Added Pin To Net: NetName=SDI_3V Pin=Q2-3
Added Pin To Net: NetName=SDI_3V Pin=R6-2
Added Pin To Net: NetName=SDI_3V Pin=U-3
Added Net: Name=SDI_3V
Added Pin To Net: NetName=SDO/ADR Pin=ADDR-1
Added Pin To Net: NetName=SDO/ADR Pin=P1-3
Added Pin To Net: NetName=SDO/ADR Pin=R2-2
Added Pin To Net: NetName=SDO/ADR Pin=U-5
Added Net: Name=SDO/ADR
Added Pin To Net: NetName=VCC Pin=C1-1
Added Pin To Net: NetName=VCC Pin=P1-7
Added Pin To Net: NetName=VCC Pin=U1-3
Added Net: Name=VCC
Added Class: Name=BB_BME680
Added Room: Name=BB_BME680
